<?xml version="1.0" encoding="UTF-8"?>
<!-- Generated by org.testng.reporters.JUnitXMLReporter -->
<testsuite ignored="0" hostname="DESKTOP-O9MMTFR" failures="2" tests="22" name="different testing feature test" time="16.084" errors="0" timestamp="2023-02-21T11:32:22 PST">
  <testcase classname="com.test.dependsOnMethods" name="loginTest" time="0.003">
    <failure type="java.lang.ArithmeticException" message="/ by zero">
      <![CDATA[java.lang.ArithmeticException: / by zero
at com.test.dependsOnMethods.loginTest(dependsOnMethods.java:10)
at java.base/java.util.ArrayList.forEach(ArrayList.java:1511)
... Removed 27 stack frames]]>
    </failure>
  </testcase> <!-- loginTest -->
  <testcase classname="com.test.dependsOnMethods" name="HomepageTest" time="0.0">
    <skipped/>
  </testcase> <!-- HomepageTest -->
  <testcase classname="com.test.dependsOnMethods" name="searchPageTest" time="0.001"/>
  <testcase classname="com.test.ExpectedExceptions" name="exceptonHandling" time="0.001"/>
  <testcase classname="com.test.GoogleTest" name="sendSomeKey" time="0.088"/>
  <testcase classname="com.test.GoogleTest" name="getTitle" time="0.005"/>
  <testcase classname="com.test.GoogleTest" name="isLogoDisplayed" time="0.058"/>
  <testcase classname="com.test.GoogleTest" name="search" time="0.003"/>
  <testcase classname="com.test.InvocationCountTest" name="sum" time="0.001"/>
  <testcase classname="com.test.InvocationCountTest" name="sum" time="0.001"/>
  <testcase classname="com.test.InvocationCountTest" name="sum" time="0.0"/>
  <testcase classname="com.test.InvocationCountTest" name="sum" time="0.0"/>
  <testcase classname="com.test.InvocationCountTest" name="sum" time="0.001"/>
  <testcase classname="com.test.InvocationCountTest" name="sum" time="0.001"/>
  <testcase classname="com.test.InvocationCountTest" name="sum" time="0.0"/>
  <testcase classname="com.test.InvocationCountTest" name="sum" time="0.001"/>
  <testcase classname="com.test.InvocationCountTest" name="sum" time="0.002"/>
  <testcase classname="com.test.InvocationCountTest" name="sum" time="0.001"/>
  <testcase classname="com.test.TestNgAssertions" name="getTitle" time="0.012">
    <failure type="java.lang.AssertionError" message="expected [Google123] but found [Google]">
      <![CDATA[java.lang.AssertionError: expected [Google123] but found [Google]
at com.test.TestNgAssertions.getTitle(TestNgAssertions.java:35)
at java.base/java.util.ArrayList.forEach(ArrayList.java:1511)
... Removed 33 stack frames]]>
    </failure>
  </testcase> <!-- getTitle -->
  <testcase classname="com.test.TestNgAssertions" name="isLogoDisplayed" time="0.035"/>
  <testcase classname="com.test.testNgBasics" name="googleTitleTest" time="0.0"/>
  <testcase classname="com.test.testNgBasics" name="searchTest" time="0.003"/>
</testsuite> <!-- different testing feature test -->
